<?xml version="1.0" encoding="UTF-8"?>
<!-- Generated by org.testng.reporters.JUnitReportReporter -->
<testsuite skipped="0" hostname="Admin-PC" name="alertJavaScript.AcceptAlert" tests="1" failures="0" timestamp="09 Sep 2019 18:40:19 GMT" time="5.666" errors="0">
  <testcase name="CheckAlert" time="5.666" classname="alertJavaScript.AcceptAlert"/>
</testsuite> <!-- alertJavaScript.AcceptAlert -->
